============================= test session starts ==============================
platform linux -- Python 3.12.1, pytest-8.0.2, pluggy-1.4.0 -- /usr/bin/python3
cachedir: .pytest_cache
rootdir: /home/user/project
configfile: pyproject.toml
plugins: cov-4.1.0, mock-3.12.0, asyncio-0.23.4
collected 503 items

tests/test_auth.py::TestAuthenticate::test_valid_credentials PASSED[  0%]
tests/test_auth.py::TestAuthenticate::test_invalid_password PASSED[  0%]
tests/test_auth.py::TestAuthenticate::test_unknown_user PASSED  [  0%]
tests/test_auth.py::TestAuthenticate::test_rate_limit_lockout PASSED[  0%]
tests/test_auth.py::TestAuthenticate::test_failed_attempt PASSED[  0%]
tests/test_auth.py::TestAuthenticate::test_token_refresh PASSED [  1%]
tests/test_auth.py::TestAuthenticate::test_token_expiry PASSED  [  1%]
tests/test_auth.py::TestAuthenticate::test_logout PASSED        [  1%]
tests/test_auth.py::TestAuthenticate::test_session_resume PASSED[  1%]
tests/test_api.py::TestEndpoints::test_get_user PASSED          [  1%]
tests/test_api.py::TestEndpoints::test_create_user PASSED       [  2%]
tests/test_api.py::TestEndpoints::test_update_user PASSED       [  2%]
tests/test_api.py::TestEndpoints::test_delete_user PASSED       [  2%]
tests/test_api.py::TestEndpoints::test_list_users PASSED        [  2%]
tests/test_api.py::TestEndpoints::test_pagination PASSED        [  2%]
tests/test_api.py::TestEndpoints::test_filtering PASSED         [  3%]
tests/test_api.py::TestEndpoints::test_sorting PASSED           [  3%]
tests/test_api.py::TestEndpoints::test_not_found PASSED         [  3%]
tests/test_api.py::TestEndpoints::test_unauthorized PASSED      [  3%]
tests/test_api.py::TestEndpoints::test_forbidden PASSED         [  3%]
tests/test_api.py::TestEndpoints::test_rate_limited PASSED      [  4%]
tests/test_db.py::TestModels::test_insert PASSED                [  4%]
tests/test_db.py::TestModels::test_bulk_insert PASSED           [  4%]
tests/test_db.py::TestModels::test_update PASSED                [  4%]
tests/test_db.py::TestModels::test_upsert PASSED                [  4%]
tests/test_db.py::TestModels::test_delete PASSED                [  5%]
tests/test_db.py::TestModels::test_cascade_delete PASSED        [  5%]
tests/test_db.py::TestModels::test_unique_constraint PASSED     [  5%]
tests/test_db.py::TestModels::test_foreign_key PASSED           [  5%]
tests/test_db.py::TestModels::test_transaction_commit PASSED    [  5%]
tests/test_db.py::TestModels::test_transaction_rollback PASSED  [  6%]
tests/test_db.py::TestModels::test_connection_reuse PASSED      [  6%]
tests/test_utils.py::TestHelpers::test_deep_merge PASSED        [  6%]
tests/test_utils.py::TestHelpers::test_flatten PASSED           [  6%]
tests/test_utils.py::TestHelpers::test_chunk PASSED             [  6%]
tests/test_utils.py::TestHelpers::test_retry PASSED             [  7%]
tests/test_utils.py::TestHelpers::test_backoff PASSED           [  7%]
tests/test_utils.py::TestHelpers::test_slugify PASSED           [  7%]
tests/test_utils.py::TestHelpers::test_parse_duration PASSED    [  7%]
tests/test_utils.py::TestHelpers::test_format_bytes PASSED      [  7%]
tests/test_utils.py::TestHelpers::test_truncate PASSED          [  8%]
tests/test_utils.py::TestHelpers::test_redact PASSED            [  8%]
tests/test_cache.py::TestCache::test_set_get PASSED             [  8%]
tests/test_cache.py::TestCache::test_expiry PASSED              [  8%]
tests/test_cache.py::TestCache::test_eviction PASSED            [  8%]
tests/test_cache.py::TestCache::test_lru_order PASSED           [  9%]
tests/test_cache.py::TestCache::test_namespace PASSED           [  9%]
tests/test_cache.py::TestCache::test_clear PASSED               [  9%]
tests/test_cache.py::TestCache::test_stats PASSED               [  9%]
tests/test_config.py::TestConfig::test_defaults PASSED          [  9%]
tests/test_config.py::TestConfig::test_env_override PASSED      [ 10%]
tests/test_config.py::TestConfig::test_file_override PASSED     [ 10%]
tests/test_config.py::TestConfig::test_precedence PASSED        [ 10%]
tests/test_config.py::TestConfig::test_reload PASSED            [ 10%]
tests/test_config.py::TestConfig::test_types PASSED             [ 10%]
tests/test_routing.py::TestRouter::test_match PASSED            [ 11%]
tests/test_routing.py::TestRouter::test_wildcard PASSED         [ 11%]
tests/test_routing.py::TestRouter::test_priority PASSED         [ 11%]
tests/test_routing.py::TestRouter::test_fallback PASSED         [ 11%]
tests/test_routing.py::TestRouter::test_skip_interactive PASSED [ 11%]
tests/test_routing.py::TestRouter::test_skip_sudo PASSED        [ 12%]
tests/test_serialize.py::TestSerde::test_json_roundtrip PASSED  [ 12%]
tests/test_serialize.py::TestSerde::test_yaml_roundtrip PASSED  [ 12%]
tests/test_serialize.py::TestSerde::test_datetime PASSED        [ 12%]
tests/test_serialize.py::TestSerde::test_decimal PASSED         [ 12%]
tests/test_serialize.py::TestSerde::test_nested PASSED          [ 13%]
tests/test_serialize.py::TestSerde::test_unicode PASSED         [ 13%]
tests/test_validation.py::TestValidate::test_required PASSED    [ 13%]
tests/test_validation.py::TestValidate::test_type_check PASSED  [ 13%]
tests/test_validation.py::TestValidate::test_range PASSED       [ 13%]
tests/test_validation.py::TestValidate::test_regex PASSED       [ 14%]
tests/test_validation.py::TestValidate::test_custom PASSED      [ 14%]
tests/test_validation.py::TestValidate::test_nested_errors PASSED[ 14%]
tests/test_auth.py::TestAuthenticate::test_valid_credentials_01 PASSED[ 14%]
tests/test_auth.py::TestAuthenticate::test_invalid_password_01 PASSED[ 14%]
tests/test_auth.py::TestAuthenticate::test_unknown_user_01 PASSED[ 15%]
tests/test_auth.py::TestAuthenticate::test_rate_limit_lockout_01 PASSED[ 15%]
tests/test_auth.py::TestAuthenticate::test_failed_attempt_01 PASSED[ 15%]
tests/test_auth.py::TestAuthenticate::test_token_refresh_01 PASSED[ 15%]
tests/test_auth.py::TestAuthenticate::test_token_expiry_01 PASSED[ 15%]
tests/test_auth.py::TestAuthenticate::test_logout_01 PASSED     [ 16%]
tests/test_auth.py::TestAuthenticate::test_session_resume_01 PASSED[ 16%]
tests/test_api.py::TestEndpoints::test_get_user_01 PASSED       [ 16%]
tests/test_api.py::TestEndpoints::test_create_user_01 PASSED    [ 16%]
tests/test_api.py::TestEndpoints::test_update_user_01 PASSED    [ 16%]
tests/test_api.py::TestEndpoints::test_delete_user_01 PASSED    [ 17%]
tests/test_api.py::TestEndpoints::test_list_users_01 PASSED     [ 17%]
tests/test_api.py::TestEndpoints::test_pagination_01 PASSED     [ 17%]
tests/test_api.py::TestEndpoints::test_filtering_01 PASSED      [ 17%]
tests/test_api.py::TestEndpoints::test_sorting_01 PASSED        [ 17%]
tests/test_api.py::TestEndpoints::test_not_found_01 PASSED      [ 18%]
tests/test_api.py::TestEndpoints::test_unauthorized_01 PASSED   [ 18%]
tests/test_api.py::TestEndpoints::test_forbidden_01 PASSED      [ 18%]
tests/test_api.py::TestEndpoints::test_rate_limited_01 PASSED   [ 18%]
tests/test_db.py::TestModels::test_insert_01 PASSED             [ 18%]
tests/test_db.py::TestModels::test_bulk_insert_01 PASSED        [ 19%]
tests/test_db.py::TestModels::test_update_01 PASSED             [ 19%]
tests/test_db.py::TestModels::test_upsert_01 PASSED             [ 19%]
tests/test_db.py::TestModels::test_delete_01 PASSED             [ 19%]
tests/test_db.py::TestModels::test_cascade_delete_01 PASSED     [ 19%]
tests/test_db.py::TestModels::test_unique_constraint_01 PASSED  [ 20%]
tests/test_db.py::TestModels::test_foreign_key_01 PASSED        [ 20%]
tests/test_db.py::TestModels::test_transaction_commit_01 PASSED [ 20%]
tests/test_db.py::TestModels::test_transaction_rollback_01 PASSED[ 20%]
tests/test_db.py::TestModels::test_connection_reuse_01 PASSED   [ 20%]
tests/test_utils.py::TestHelpers::test_deep_merge_01 PASSED     [ 21%]
tests/test_utils.py::TestHelpers::test_flatten_01 PASSED        [ 21%]
tests/test_utils.py::TestHelpers::test_chunk_01 PASSED          [ 21%]
tests/test_utils.py::TestHelpers::test_retry_01 PASSED          [ 21%]
tests/test_utils.py::TestHelpers::test_backoff_01 PASSED        [ 21%]
tests/test_utils.py::TestHelpers::test_slugify_01 PASSED        [ 22%]
tests/test_utils.py::TestHelpers::test_parse_duration_01 PASSED [ 22%]
tests/test_utils.py::TestHelpers::test_format_bytes_01 PASSED   [ 22%]
tests/test_utils.py::TestHelpers::test_truncate_01 PASSED       [ 22%]
tests/test_utils.py::TestHelpers::test_redact_01 PASSED         [ 22%]
tests/test_cache.py::TestCache::test_set_get_01 PASSED          [ 23%]
tests/test_cache.py::TestCache::test_expiry_01 PASSED           [ 23%]
tests/test_cache.py::TestCache::test_eviction_01 PASSED         [ 23%]
tests/test_cache.py::TestCache::test_lru_order_01 PASSED        [ 23%]
tests/test_cache.py::TestCache::test_namespace_01 PASSED        [ 23%]
tests/test_config.py::TestConfig::test_env_override FAILED      [ 24%]
tests/test_cache.py::TestCache::test_stats_01 PASSED            [ 24%]
tests/test_config.py::TestConfig::test_defaults_01 PASSED       [ 24%]
tests/test_config.py::TestConfig::test_env_override_01 PASSED   [ 24%]
tests/test_config.py::TestConfig::test_file_override_01 PASSED  [ 24%]
tests/test_config.py::TestConfig::test_precedence_01 PASSED     [ 25%]
tests/test_config.py::TestConfig::test_reload_01 PASSED         [ 25%]
tests/test_config.py::TestConfig::test_types_01 PASSED          [ 25%]
tests/test_routing.py::TestRouter::test_match_01 PASSED         [ 25%]
tests/test_routing.py::TestRouter::test_wildcard_01 PASSED      [ 25%]
tests/test_routing.py::TestRouter::test_priority_01 PASSED      [ 26%]
tests/test_routing.py::TestRouter::test_fallback_01 PASSED      [ 26%]
tests/test_routing.py::TestRouter::test_skip_interactive_01 PASSED[ 26%]
tests/test_routing.py::TestRouter::test_skip_sudo_01 PASSED     [ 26%]
tests/test_serialize.py::TestSerde::test_json_roundtrip_01 PASSED[ 26%]
tests/test_serialize.py::TestSerde::test_yaml_roundtrip_01 PASSED[ 27%]
tests/test_serialize.py::TestSerde::test_datetime_01 PASSED     [ 27%]
tests/test_serialize.py::TestSerde::test_decimal_01 PASSED      [ 27%]
tests/test_serialize.py::TestSerde::test_nested_01 PASSED       [ 27%]
tests/test_serialize.py::TestSerde::test_unicode_01 PASSED      [ 27%]
tests/test_validation.py::TestValidate::test_required_01 PASSED [ 28%]
tests/test_validation.py::TestValidate::test_type_check_01 PASSED[ 28%]
tests/test_validation.py::TestValidate::test_range_01 PASSED    [ 28%]
tests/test_validation.py::TestValidate::test_regex_01 PASSED    [ 28%]
tests/test_validation.py::TestValidate::test_custom_01 PASSED   [ 28%]
tests/test_validation.py::TestValidate::test_nested_errors_01 PASSED[ 29%]
tests/test_auth.py::TestAuthenticate::test_valid_credentials_02 PASSED[ 29%]
tests/test_auth.py::TestAuthenticate::test_invalid_password_02 PASSED[ 29%]
tests/test_auth.py::TestAuthenticate::test_unknown_user_02 PASSED[ 29%]
tests/test_auth.py::TestAuthenticate::test_rate_limit_lockout_02 PASSED[ 29%]
tests/test_auth.py::TestAuthenticate::test_failed_attempt_02 PASSED[ 30%]
tests/test_auth.py::TestAuthenticate::test_token_refresh_02 PASSED[ 30%]
tests/test_auth.py::TestAuthenticate::test_token_expiry_02 PASSED[ 30%]
tests/test_auth.py::TestAuthenticate::test_logout_02 PASSED     [ 30%]
tests/test_auth.py::TestAuthenticate::test_session_resume_02 PASSED[ 30%]
tests/test_api.py::TestEndpoints::test_get_user_02 PASSED       [ 31%]
tests/test_api.py::TestEndpoints::test_create_user_02 PASSED    [ 31%]
tests/test_api.py::TestEndpoints::test_update_user_02 PASSED    [ 31%]
tests/test_api.py::TestEndpoints::test_delete_user_02 PASSED    [ 31%]
tests/test_api.py::TestEndpoints::test_list_users_02 PASSED     [ 31%]
tests/test_api.py::TestEndpoints::test_pagination_02 PASSED     [ 32%]
tests/test_api.py::TestEndpoints::test_filtering_02 PASSED      [ 32%]
tests/test_api.py::TestEndpoints::test_sorting_02 PASSED        [ 32%]
tests/test_api.py::TestEndpoints::test_not_found_02 PASSED      [ 32%]
tests/test_api.py::TestEndpoints::test_unauthorized_02 PASSED   [ 32%]
tests/test_api.py::TestEndpoints::test_forbidden_02 PASSED      [ 33%]
tests/test_api.py::TestEndpoints::test_rate_limited_02 PASSED   [ 33%]
tests/test_db.py::TestModels::test_insert_02 PASSED             [ 33%]
tests/test_db.py::TestModels::test_bulk_insert_02 PASSED        [ 33%]
tests/test_db.py::TestModels::test_update_02 PASSED             [ 33%]
tests/test_db.py::TestModels::test_upsert_02 PASSED             [ 33%]
tests/test_db.py::TestModels::test_delete_02 PASSED             [ 34%]
tests/test_db.py::TestModels::test_cascade_delete_02 PASSED     [ 34%]
tests/test_db.py::TestModels::test_unique_constraint_02 PASSED  [ 34%]
tests/test_db.py::TestModels::test_foreign_key_02 PASSED        [ 34%]
tests/test_db.py::TestModels::test_transaction_commit_02 PASSED [ 34%]
tests/test_db.py::TestModels::test_transaction_rollback_02 PASSED[ 35%]
tests/test_db.py::TestModels::test_connection_reuse_02 PASSED   [ 35%]
tests/test_utils.py::TestHelpers::test_deep_merge_02 PASSED     [ 35%]
tests/test_utils.py::TestHelpers::test_flatten_02 PASSED        [ 35%]
tests/test_utils.py::TestHelpers::test_chunk_02 PASSED          [ 35%]
tests/test_utils.py::TestHelpers::test_retry_02 PASSED          [ 36%]
tests/test_utils.py::TestHelpers::test_backoff_02 PASSED        [ 36%]
tests/test_utils.py::TestHelpers::test_slugify_02 PASSED        [ 36%]
tests/test_utils.py::TestHelpers::test_parse_duration_02 PASSED [ 36%]
tests/test_utils.py::TestHelpers::test_format_bytes_02 PASSED   [ 36%]
tests/test_utils.py::TestHelpers::test_truncate_02 PASSED       [ 37%]
tests/test_utils.py::TestHelpers::test_redact_02 PASSED         [ 37%]
tests/test_cache.py::TestCache::test_set_get_02 PASSED          [ 37%]
tests/test_cache.py::TestCache::test_expiry_02 PASSED           [ 37%]
tests/test_cache.py::TestCache::test_eviction_02 PASSED         [ 37%]
tests/test_cache.py::TestCache::test_lru_order_02 PASSED        [ 38%]
tests/test_cache.py::TestCache::test_namespace_02 PASSED        [ 38%]
tests/test_cache.py::TestCache::test_clear_02 PASSED            [ 38%]
tests/test_cache.py::TestCache::test_stats_02 PASSED            [ 38%]
tests/test_config.py::TestConfig::test_defaults_02 PASSED       [ 38%]
tests/test_config.py::TestConfig::test_env_override_02 PASSED   [ 39%]
tests/test_config.py::TestConfig::test_file_override_02 PASSED  [ 39%]
tests/test_config.py::TestConfig::test_precedence_02 PASSED     [ 39%]
tests/test_config.py::TestConfig::test_reload_02 PASSED         [ 39%]
tests/test_config.py::TestConfig::test_types_02 PASSED          [ 39%]
tests/test_routing.py::TestRouter::test_match_02 PASSED         [ 40%]
tests/test_routing.py::TestRouter::test_wildcard_02 PASSED      [ 40%]
tests/test_routing.py::TestRouter::test_priority_02 PASSED      [ 40%]
tests/test_routing.py::TestRouter::test_fallback_02 PASSED      [ 40%]
tests/test_routing.py::TestRouter::test_skip_interactive_02 PASSED[ 40%]
tests/test_routing.py::TestRouter::test_skip_sudo_02 PASSED     [ 41%]
tests/test_serialize.py::TestSerde::test_json_roundtrip_02 PASSED[ 41%]
tests/test_serialize.py::TestSerde::test_yaml_roundtrip_02 PASSED[ 41%]
tests/test_serialize.py::TestSerde::test_datetime_02 PASSED     [ 41%]
tests/test_serialize.py::TestSerde::test_decimal_02 PASSED      [ 41%]
tests/test_serialize.py::TestSerde::test_nested_02 PASSED       [ 42%]
tests/test_serialize.py::TestSerde::test_unicode_02 PASSED      [ 42%]
tests/test_validation.py::TestValidate::test_required_02 PASSED [ 42%]
tests/test_validation.py::TestValidate::test_type_check_02 PASSED[ 42%]
tests/test_validation.py::TestValidate::test_range_02 PASSED    [ 42%]
tests/test_validation.py::TestValidate::test_regex_02 PASSED    [ 43%]
tests/test_validation.py::TestValidate::test_custom_02 PASSED   [ 43%]
tests/test_validation.py::TestValidate::test_nested_errors_02 PASSED[ 43%]
tests/test_auth.py::TestAuthenticate::test_valid_credentials_03 PASSED[ 43%]
tests/test_auth.py::TestAuthenticate::test_invalid_password_03 PASSED[ 43%]
tests/test_auth.py::TestAuthenticate::test_unknown_user_03 PASSED[ 44%]
tests/test_auth.py::TestAuthenticate::test_rate_limit_lockout_03 PASSED[ 44%]
tests/test_auth.py::TestAuthenticate::test_failed_attempt_03 PASSED[ 44%]
tests/test_auth.py::TestAuthenticate::test_token_refresh_03 PASSED[ 44%]
tests/test_auth.py::TestAuthenticate::test_token_expiry_03 PASSED[ 44%]
tests/test_auth.py::TestAuthenticate::test_logout_03 PASSED     [ 45%]
tests/test_auth.py::TestAuthenticate::test_session_resume_03 PASSED[ 45%]
tests/test_api.py::TestEndpoints::test_get_user_03 PASSED       [ 45%]
tests/test_api.py::TestEndpoints::test_create_user_03 PASSED    [ 45%]
tests/test_api.py::TestEndpoints::test_update_user_03 PASSED    [ 45%]
tests/test_api.py::TestEndpoints::test_delete_user_03 PASSED    [ 46%]
tests/test_api.py::TestEndpoints::test_list_users_03 PASSED     [ 46%]
tests/test_api.py::TestEndpoints::test_pagination_03 PASSED     [ 46%]
tests/test_api.py::TestEndpoints::test_filtering_03 PASSED      [ 46%]
tests/test_api.py::TestEndpoints::test_sorting_03 PASSED        [ 46%]
tests/test_api.py::TestEndpoints::test_not_found_03 PASSED      [ 47%]
tests/test_api.py::TestEndpoints::test_unauthorized_03 PASSED   [ 47%]
tests/test_api.py::TestEndpoints::test_forbidden_03 PASSED      [ 47%]
tests/test_api.py::TestEndpoints::test_rate_limited_03 PASSED   [ 47%]
tests/test_db.py::TestModels::test_insert_03 PASSED             [ 47%]
tests/test_db.py::TestModels::test_bulk_insert_03 PASSED        [ 48%]
tests/test_db.py::TestModels::test_update_03 PASSED             [ 48%]
tests/test_db.py::TestModels::test_upsert_03 PASSED             [ 48%]
tests/test_db.py::TestModels::test_delete_03 PASSED             [ 48%]
tests/test_db.py::TestModels::test_cascade_delete_03 PASSED     [ 48%]
tests/test_db.py::TestModels::test_unique_constraint_03 PASSED  [ 49%]
tests/test_db.py::TestModels::test_foreign_key_03 PASSED        [ 49%]
tests/test_db.py::TestModels::test_transaction_commit_03 PASSED [ 49%]
tests/test_db.py::TestModels::test_transaction_rollback_03 PASSED[ 49%]
tests/test_db.py::TestModels::test_connection_reuse_03 PASSED   [ 49%]
tests/test_utils.py::TestHelpers::test_deep_merge_03 PASSED     [ 50%]
tests/test_utils.py::TestHelpers::test_flatten_03 PASSED        [ 50%]
tests/test_utils.py::TestHelpers::test_chunk_03 PASSED          [ 50%]
tests/test_utils.py::TestHelpers::test_retry_03 PASSED          [ 50%]
tests/test_utils.py::TestHelpers::test_backoff_03 PASSED        [ 50%]
tests/test_utils.py::TestHelpers::test_slugify_03 PASSED        [ 51%]
tests/test_utils.py::TestHelpers::test_parse_duration_03 PASSED [ 51%]
tests/test_utils.py::TestHelpers::test_format_bytes_03 PASSED   [ 51%]
tests/test_utils.py::TestHelpers::test_truncate_03 PASSED       [ 51%]
tests/test_utils.py::TestHelpers::test_redact_03 PASSED         [ 51%]
tests/test_cache.py::TestCache::test_set_get_03 PASSED          [ 52%]
tests/test_cache.py::TestCache::test_expiry_03 PASSED           [ 52%]
tests/test_cache.py::TestCache::test_eviction_03 PASSED         [ 52%]
tests/test_cache.py::TestCache::test_lru_order_03 PASSED        [ 52%]
tests/test_cache.py::TestCache::test_namespace_03 PASSED        [ 52%]
tests/test_cache.py::TestCache::test_clear_03 PASSED            [ 53%]
tests/test_cache.py::TestCache::test_stats_03 PASSED            [ 53%]
tests/test_config.py::TestConfig::test_defaults_03 PASSED       [ 53%]
tests/test_config.py::TestConfig::test_env_override_03 PASSED   [ 53%]
tests/test_config.py::TestConfig::test_file_override_03 PASSED  [ 53%]
tests/test_config.py::TestConfig::test_precedence_03 PASSED     [ 54%]
tests/test_config.py::TestConfig::test_reload_03 PASSED         [ 54%]
tests/test_config.py::TestConfig::test_types_03 PASSED          [ 54%]
tests/test_routing.py::TestRouter::test_match_03 PASSED         [ 54%]
tests/test_routing.py::TestRouter::test_wildcard_03 PASSED      [ 54%]
tests/test_routing.py::TestRouter::test_priority_03 PASSED      [ 55%]
tests/test_routing.py::TestRouter::test_fallback_03 PASSED      [ 55%]
tests/test_routing.py::TestRouter::test_skip_interactive_03 PASSED[ 55%]
tests/test_routing.py::TestRouter::test_skip_sudo_03 PASSED     [ 55%]
tests/test_serialize.py::TestSerde::test_json_roundtrip_03 PASSED[ 55%]
tests/test_serialize.py::TestSerde::test_yaml_roundtrip_03 PASSED[ 56%]
tests/test_serialize.py::TestSerde::test_datetime_03 PASSED     [ 56%]
tests/test_serialize.py::TestSerde::test_decimal_03 PASSED      [ 56%]
tests/test_serialize.py::TestSerde::test_nested_03 PASSED       [ 56%]
tests/test_serialize.py::TestSerde::test_unicode_03 PASSED      [ 56%]
tests/test_validation.py::TestValidate::test_required_03 PASSED [ 57%]
tests/test_validation.py::TestValidate::test_type_check_03 PASSED[ 57%]
tests/test_validation.py::TestValidate::test_range_03 PASSED    [ 57%]
tests/test_validation.py::TestValidate::test_regex_03 PASSED    [ 57%]
tests/test_validation.py::TestValidate::test_custom_03 PASSED   [ 57%]
tests/test_validation.py::TestValidate::test_nested_errors_03 PASSED[ 58%]
tests/test_auth.py::TestAuthenticate::test_valid_credentials_04 PASSED[ 58%]
tests/test_auth.py::TestAuthenticate::test_invalid_password_04 PASSED[ 58%]
tests/test_auth.py::TestAuthenticate::test_unknown_user_04 PASSED[ 58%]
tests/test_auth.py::TestAuthenticate::test_rate_limit_lockout_04 PASSED[ 58%]
tests/test_auth.py::TestAuthenticate::test_failed_attempt_04 PASSED[ 59%]
tests/test_auth.py::TestAuthenticate::test_token_refresh_04 PASSED[ 59%]
tests/test_auth.py::TestAuthenticate::test_token_expiry_04 PASSED[ 59%]
tests/test_auth.py::TestAuthenticate::test_logout_04 PASSED     [ 59%]
tests/test_auth.py::TestAuthenticate::test_session_resume_04 PASSED[ 59%]
tests/test_api.py::TestEndpoints::test_get_user_04 PASSED       [ 60%]
tests/test_api.py::TestEndpoints::test_create_user_04 PASSED    [ 60%]
tests/test_api.py::TestEndpoints::test_update_user_04 PASSED    [ 60%]
tests/test_api.py::TestEndpoints::test_delete_user_04 PASSED    [ 60%]
tests/test_api.py::TestEndpoints::test_list_users_04 PASSED     [ 60%]
tests/test_api.py::TestEndpoints::test_pagination_04 PASSED     [ 61%]
tests/test_api.py::TestEndpoints::test_filtering_04 PASSED      [ 61%]
tests/test_api.py::TestEndpoints::test_sorting_04 PASSED        [ 61%]
tests/test_api.py::TestEndpoints::test_not_found_04 PASSED      [ 61%]
tests/test_api.py::TestEndpoints::test_unauthorized_04 PASSED   [ 61%]
tests/test_api.py::TestEndpoints::test_forbidden_04 PASSED      [ 62%]
tests/test_api.py::TestEndpoints::test_rate_limited_04 PASSED   [ 62%]
tests/test_db.py::TestModels::test_insert_04 PASSED             [ 62%]
tests/test_db.py::TestModels::test_bulk_insert_04 PASSED        [ 62%]
tests/test_db.py::TestModels::test_update_04 PASSED             [ 62%]
tests/test_db.py::TestModels::test_upsert_04 PASSED             [ 63%]
tests/test_db.py::TestModels::test_delete_04 PASSED             [ 63%]
tests/test_db.py::TestModels::test_cascade_delete_04 PASSED     [ 63%]
tests/test_db.py::TestModels::test_unique_constraint_04 PASSED  [ 63%]
tests/test_db.py::TestModels::test_foreign_key_04 PASSED        [ 63%]
tests/test_db.py::TestModels::test_transaction_commit_04 PASSED [ 64%]
tests/test_db.py::TestModels::test_transaction_rollback_04 PASSED[ 64%]
tests/test_db.py::TestModels::test_connection_reuse_04 PASSED   [ 64%]
tests/test_utils.py::TestHelpers::test_deep_merge_04 PASSED     [ 64%]
tests/test_utils.py::TestHelpers::test_flatten_04 PASSED        [ 64%]
tests/test_utils.py::TestHelpers::test_chunk_04 PASSED          [ 65%]
tests/test_utils.py::TestHelpers::test_retry_04 PASSED          [ 65%]
tests/test_utils.py::TestHelpers::test_backoff_04 PASSED        [ 65%]
tests/test_utils.py::TestHelpers::test_slugify_04 PASSED        [ 65%]
tests/test_utils.py::TestHelpers::test_parse_duration_04 PASSED [ 65%]
tests/test_utils.py::TestHelpers::test_format_bytes_04 PASSED   [ 66%]
tests/test_utils.py::TestHelpers::test_truncate_04 PASSED       [ 66%]
tests/test_db.py::TestModels::test_transaction_rollback FAILED  [ 66%]
tests/test_cache.py::TestCache::test_set_get_04 PASSED          [ 66%]
tests/test_cache.py::TestCache::test_expiry_04 PASSED           [ 66%]
tests/test_cache.py::TestCache::test_eviction_04 PASSED         [ 66%]
tests/test_cache.py::TestCache::test_lru_order_04 PASSED        [ 67%]
tests/test_cache.py::TestCache::test_namespace_04 PASSED        [ 67%]
tests/test_cache.py::TestCache::test_clear_04 PASSED            [ 67%]
tests/test_cache.py::TestCache::test_stats_04 PASSED            [ 67%]
tests/test_config.py::TestConfig::test_defaults_04 PASSED       [ 67%]
tests/test_config.py::TestConfig::test_env_override_04 PASSED   [ 68%]
tests/test_config.py::TestConfig::test_file_override_04 PASSED  [ 68%]
tests/test_config.py::TestConfig::test_precedence_04 PASSED     [ 68%]
tests/test_config.py::TestConfig::test_reload_04 PASSED         [ 68%]
tests/test_config.py::TestConfig::test_types_04 PASSED          [ 68%]
tests/test_routing.py::TestRouter::test_match_04 PASSED         [ 69%]
tests/test_routing.py::TestRouter::test_wildcard_04 PASSED      [ 69%]
tests/test_routing.py::TestRouter::test_priority_04 PASSED      [ 69%]
tests/test_routing.py::TestRouter::test_fallback_04 PASSED      [ 69%]
tests/test_routing.py::TestRouter::test_skip_interactive_04 PASSED[ 69%]
tests/test_routing.py::TestRouter::test_skip_sudo_04 PASSED     [ 70%]
tests/test_serialize.py::TestSerde::test_json_roundtrip_04 PASSED[ 70%]
tests/test_serialize.py::TestSerde::test_yaml_roundtrip_04 PASSED[ 70%]
tests/test_serialize.py::TestSerde::test_datetime_04 PASSED     [ 70%]
tests/test_serialize.py::TestSerde::test_decimal_04 PASSED      [ 70%]
tests/test_serialize.py::TestSerde::test_nested_04 PASSED       [ 71%]
tests/test_serialize.py::TestSerde::test_unicode_04 PASSED      [ 71%]
tests/test_validation.py::TestValidate::test_required_04 PASSED [ 71%]
tests/test_validation.py::TestValidate::test_type_check_04 PASSED[ 71%]
tests/test_validation.py::TestValidate::test_range_04 PASSED    [ 71%]
tests/test_validation.py::TestValidate::test_regex_04 PASSED    [ 72%]
tests/test_validation.py::TestValidate::test_custom_04 PASSED   [ 72%]
tests/test_validation.py::TestValidate::test_nested_errors_04 PASSED[ 72%]
tests/test_auth.py::TestAuthenticate::test_valid_credentials_05 PASSED[ 72%]
tests/test_auth.py::TestAuthenticate::test_invalid_password_05 PASSED[ 72%]
tests/test_auth.py::TestAuthenticate::test_unknown_user_05 PASSED[ 73%]
tests/test_auth.py::TestAuthenticate::test_rate_limit_lockout_05 PASSED[ 73%]
tests/test_auth.py::TestAuthenticate::test_failed_attempt_05 PASSED[ 73%]
tests/test_auth.py::TestAuthenticate::test_token_refresh_05 PASSED[ 73%]
tests/test_auth.py::TestAuthenticate::test_token_expiry_05 PASSED[ 73%]
tests/test_auth.py::TestAuthenticate::test_logout_05 PASSED     [ 74%]
tests/test_auth.py::TestAuthenticate::test_session_resume_05 PASSED[ 74%]
tests/test_api.py::TestEndpoints::test_get_user_05 PASSED       [ 74%]
tests/test_api.py::TestEndpoints::test_create_user_05 PASSED    [ 74%]
tests/test_api.py::TestEndpoints::test_update_user_05 PASSED    [ 74%]
tests/test_api.py::TestEndpoints::test_delete_user_05 PASSED    [ 75%]
tests/test_api.py::TestEndpoints::test_list_users_05 PASSED     [ 75%]
tests/test_api.py::TestEndpoints::test_pagination_05 PASSED     [ 75%]
tests/test_api.py::TestEndpoints::test_filtering_05 PASSED      [ 75%]
tests/test_api.py::TestEndpoints::test_sorting_05 PASSED        [ 75%]
tests/test_api.py::TestEndpoints::test_not_found_05 PASSED      [ 76%]
tests/test_api.py::TestEndpoints::test_unauthorized_05 PASSED   [ 76%]
tests/test_api.py::TestEndpoints::test_forbidden_05 PASSED      [ 76%]
tests/test_api.py::TestEndpoints::test_rate_limited_05 PASSED   [ 76%]
tests/test_db.py::TestModels::test_insert_05 PASSED             [ 76%]
tests/test_db.py::TestModels::test_bulk_insert_05 PASSED        [ 77%]
tests/test_db.py::TestModels::test_update_05 PASSED             [ 77%]
tests/test_db.py::TestModels::test_upsert_05 PASSED             [ 77%]
tests/test_db.py::TestModels::test_delete_05 PASSED             [ 77%]
tests/test_db.py::TestModels::test_cascade_delete_05 PASSED     [ 77%]
tests/test_db.py::TestModels::test_unique_constraint_05 PASSED  [ 78%]
tests/test_db.py::TestModels::test_foreign_key_05 PASSED        [ 78%]
tests/test_db.py::TestModels::test_transaction_commit_05 PASSED [ 78%]
tests/test_db.py::TestModels::test_transaction_rollback_05 PASSED[ 78%]
tests/test_db.py::TestModels::test_connection_reuse_05 PASSED   [ 78%]
tests/test_utils.py::TestHelpers::test_deep_merge_05 PASSED     [ 79%]
tests/test_utils.py::TestHelpers::test_flatten_05 PASSED        [ 79%]
tests/test_utils.py::TestHelpers::test_chunk_05 PASSED          [ 79%]
tests/test_utils.py::TestHelpers::test_retry_05 PASSED          [ 79%]
tests/test_utils.py::TestHelpers::test_backoff_05 PASSED        [ 79%]
tests/test_utils.py::TestHelpers::test_slugify_05 PASSED        [ 80%]
tests/test_utils.py::TestHelpers::test_parse_duration_05 PASSED [ 80%]
tests/test_utils.py::TestHelpers::test_format_bytes_05 PASSED   [ 80%]
tests/test_utils.py::TestHelpers::test_truncate_05 PASSED       [ 80%]
tests/test_utils.py::TestHelpers::test_redact_05 PASSED         [ 80%]
tests/test_cache.py::TestCache::test_set_get_05 PASSED          [ 81%]
tests/test_cache.py::TestCache::test_expiry_05 PASSED           [ 81%]
tests/test_cache.py::TestCache::test_eviction_05 PASSED         [ 81%]
tests/test_cache.py::TestCache::test_lru_order_05 PASSED        [ 81%]
tests/test_cache.py::TestCache::test_namespace_05 PASSED        [ 81%]
tests/test_cache.py::TestCache::test_clear_05 PASSED            [ 82%]
tests/test_cache.py::TestCache::test_stats_05 PASSED            [ 82%]
tests/test_config.py::TestConfig::test_defaults_05 PASSED       [ 82%]
tests/test_config.py::TestConfig::test_env_override_05 PASSED   [ 82%]
tests/test_config.py::TestConfig::test_file_override_05 PASSED  [ 82%]
tests/test_config.py::TestConfig::test_precedence_05 PASSED     [ 83%]
tests/test_config.py::TestConfig::test_reload_05 PASSED         [ 83%]
tests/test_config.py::TestConfig::test_types_05 PASSED          [ 83%]
tests/test_routing.py::TestRouter::test_match_05 PASSED         [ 83%]
tests/test_routing.py::TestRouter::test_wildcard_05 PASSED      [ 83%]
tests/test_routing.py::TestRouter::test_priority_05 PASSED      [ 84%]
tests/test_routing.py::TestRouter::test_fallback_05 PASSED      [ 84%]
tests/test_routing.py::TestRouter::test_skip_interactive_05 PASSED[ 84%]
tests/test_routing.py::TestRouter::test_skip_sudo_05 PASSED     [ 84%]
tests/test_serialize.py::TestSerde::test_json_roundtrip_05 PASSED[ 84%]
tests/test_serialize.py::TestSerde::test_yaml_roundtrip_05 PASSED[ 85%]
tests/test_serialize.py::TestSerde::test_datetime_05 PASSED     [ 85%]
tests/test_serialize.py::TestSerde::test_decimal_05 PASSED      [ 85%]
tests/test_serialize.py::TestSerde::test_nested_05 PASSED       [ 85%]
tests/test_serialize.py::TestSerde::test_unicode_05 PASSED      [ 85%]
tests/test_validation.py::TestValidate::test_required_05 PASSED [ 86%]
tests/test_validation.py::TestValidate::test_type_check_05 PASSED[ 86%]
tests/test_validation.py::TestValidate::test_range_05 PASSED    [ 86%]
tests/test_validation.py::TestValidate::test_regex_05 PASSED    [ 86%]
tests/test_validation.py::TestValidate::test_custom_05 PASSED   [ 86%]
tests/test_validation.py::TestValidate::test_nested_errors_05 PASSED[ 87%]
tests/test_auth.py::TestAuthenticate::test_valid_credentials_06 PASSED[ 87%]
tests/test_auth.py::TestAuthenticate::test_invalid_password_06 PASSED[ 87%]
tests/test_auth.py::TestAuthenticate::test_unknown_user_06 PASSED[ 87%]
tests/test_auth.py::TestAuthenticate::test_rate_limit_lockout_06 PASSED[ 87%]
tests/test_auth.py::TestAuthenticate::test_failed_attempt_06 PASSED[ 88%]
tests/test_auth.py::TestAuthenticate::test_token_refresh_06 PASSED[ 88%]
tests/test_auth.py::TestAuthenticate::test_token_expiry_06 PASSED[ 88%]
tests/test_auth.py::TestAuthenticate::test_logout_06 PASSED     [ 88%]
tests/test_auth.py::TestAuthenticate::test_session_resume_06 PASSED[ 88%]
tests/test_api.py::TestEndpoints::test_get_user_06 PASSED       [ 89%]
tests/test_api.py::TestEndpoints::test_create_user_06 PASSED    [ 89%]
tests/test_api.py::TestEndpoints::test_update_user_06 PASSED    [ 89%]
tests/test_api.py::TestEndpoints::test_delete_user_06 PASSED    [ 89%]
tests/test_api.py::TestEndpoints::test_list_users_06 PASSED     [ 89%]
tests/test_api.py::TestEndpoints::test_pagination_06 PASSED     [ 90%]
tests/test_api.py::TestEndpoints::test_filtering_06 PASSED      [ 90%]
tests/test_api.py::TestEndpoints::test_sorting_06 PASSED        [ 90%]
tests/test_api.py::TestEndpoints::test_not_found_06 PASSED      [ 90%]
tests/test_api.py::TestEndpoints::test_unauthorized_06 PASSED   [ 90%]
tests/test_api.py::TestEndpoints::test_forbidden_06 PASSED      [ 91%]
tests/test_api.py::TestEndpoints::test_rate_limited_06 PASSED   [ 91%]
tests/test_db.py::TestModels::test_insert_06 PASSED             [ 91%]
tests/test_db.py::TestModels::test_bulk_insert_06 PASSED        [ 91%]
tests/test_db.py::TestModels::test_update_06 PASSED             [ 91%]
tests/test_db.py::TestModels::test_upsert_06 PASSED             [ 92%]
tests/test_db.py::TestModels::test_delete_06 PASSED             [ 92%]
tests/test_db.py::TestModels::test_cascade_delete_06 PASSED     [ 92%]
tests/test_db.py::TestModels::test_unique_constraint_06 PASSED  [ 92%]
tests/test_db.py::TestModels::test_foreign_key_06 PASSED        [ 92%]
tests/test_db.py::TestModels::test_transaction_commit_06 PASSED [ 93%]
tests/test_db.py::TestModels::test_transaction_rollback_06 PASSED[ 93%]
tests/test_db.py::TestModels::test_connection_reuse_06 PASSED   [ 93%]
tests/test_utils.py::TestHelpers::test_deep_merge_06 PASSED     [ 93%]
tests/test_utils.py::TestHelpers::test_flatten_06 PASSED        [ 93%]
tests/test_utils.py::TestHelpers::test_chunk_06 PASSED          [ 94%]
tests/test_utils.py::TestHelpers::test_retry_06 PASSED          [ 94%]
tests/test_utils.py::TestHelpers::test_backoff_06 PASSED        [ 94%]
tests/test_utils.py::TestHelpers::test_slugify_06 PASSED        [ 94%]
tests/test_utils.py::TestHelpers::test_parse_duration_06 PASSED [ 94%]
tests/test_utils.py::TestHelpers::test_format_bytes_06 PASSED   [ 95%]
tests/test_utils.py::TestHelpers::test_truncate_06 PASSED       [ 95%]
tests/test_utils.py::TestHelpers::test_redact_06 PASSED         [ 95%]
tests/test_cache.py::TestCache::test_set_get_06 PASSED          [ 95%]
tests/test_cache.py::TestCache::test_expiry_06 PASSED           [ 95%]
tests/test_cache.py::TestCache::test_eviction_06 PASSED         [ 96%]
tests/test_cache.py::TestCache::test_lru_order_06 PASSED        [ 96%]
tests/test_cache.py::TestCache::test_namespace_06 PASSED        [ 96%]
tests/test_cache.py::TestCache::test_clear_06 PASSED            [ 96%]
tests/test_cache.py::TestCache::test_stats_06 PASSED            [ 96%]
tests/test_config.py::TestConfig::test_defaults_06 PASSED       [ 97%]
tests/test_config.py::TestConfig::test_env_override_06 PASSED   [ 97%]
tests/test_config.py::TestConfig::test_file_override_06 PASSED  [ 97%]
tests/test_config.py::TestConfig::test_precedence_06 PASSED     [ 97%]
tests/test_config.py::TestConfig::test_reload_06 PASSED         [ 97%]
tests/test_config.py::TestConfig::test_types_06 PASSED          [ 98%]
tests/test_routing.py::TestRouter::test_match_06 PASSED         [ 98%]
tests/test_routing.py::TestRouter::test_wildcard_06 PASSED      [ 98%]
tests/test_routing.py::TestRouter::test_priority_06 PASSED      [ 98%]
tests/test_routing.py::TestRouter::test_fallback_06 PASSED      [ 98%]
tests/test_routing.py::TestRouter::test_skip_interactive_06 PASSED[ 99%]
tests/test_routing.py::TestRouter::test_skip_sudo_06 PASSED     [ 99%]
tests/test_serialize.py::TestSerde::test_json_roundtrip_06 PASSED[ 99%]
tests/test_serialize.py::TestSerde::test_yaml_roundtrip_06 PASSED[ 99%]
tests/test_serialize.py::TestSerde::test_datetime_06 PASSED     [ 99%]
tests/test_serialize.py::TestSerde::test_decimal_06 PASSED      [100%]

=================================== FAILURES ===================================
____________________ TestConfig.test_env_override _____________________

    def test_env_override(self):
        os.environ["APP_PORT"] = "9999"
        cfg = load_config()
>       assert cfg.port == 9999
E       AssertionError: assert 8080 == 9999
E        +  where 8080 = Config(port=8080).port

tests/test_config.py:64: AssertionError
________________ TestModels.test_transaction_rollback _________________

    def test_transaction_rollback(self):
        with db.transaction():
            db.insert(User(id=1))
            raise RuntimeError('boom')
>       assert db.count(User) == 0
E       AssertionError: assert 1 == 0
E        +  where 1 = count(User)

tests/test_db.py:88: AssertionError
=================================== warnings ===================================
tests/test_utils.py::TestHelpers::test_deep_merge
  /home/user/project/src/utils/helpers.py:42: DeprecationWarning: deep_merge() will require explicit strategy param in v3.0
    warnings.warn("deep_merge() will require explicit strategy param in v3.0", DeprecationWarning)

-- Docs: https://pytest.readthedocs.io/en/stable/how-to/capture-warnings.html
=========================== short test summary info ============================
FAILED tests/test_config.py::TestConfig::test_env_override - AssertionError: assert 8080 == 9999
FAILED tests/test_db.py::TestModels::test_transaction_rollback - AssertionError: assert 1 == 0
==================== 2 failed, 501 passed, 1 warning in 12.74s ===================
